
	ﬁ
j
NavigationTestscom.example.lunchtray%navigate_to_start_order_from_checkout2„ñ“™Ä±ëd:Âñ“™Ä¢ûãˆ
Îjava.lang.AssertionError: expected:<2131230857> but was:<2131231205>
at org.junit.Assert.fail(Assert.java:88)
at org.junit.Assert.failNotEquals(Assert.java:834)
at org.junit.Assert.assertEquals(Assert.java:118)
at org.junit.Assert.assertEquals(Assert.java:144)
at com.example.lunchtray.NavigationTests.navigate_to_start_order_from_checkout(NavigationTests.kt:200)java.lang.AssertionErrorÎjava.lang.AssertionError: expected:<2131230857> but was:<2131231205>
at org.junit.Assert.fail(Assert.java:88)
at org.junit.Assert.failNotEquals(Assert.java:834)
at org.junit.Assert.assertEquals(Assert.java:118)
at org.junit.Assert.assertEquals(Assert.java:144)
at com.example.lunchtray.NavigationTests.navigate_to_start_order_from_checkout(NavigationTests.kt:200)"Œ

logcatandroid∏
µC:\android\Lunch-tray\app\build\outputs\androidTest-results\connected\Pixel_6_API_31(AVD) - 12\logcat-com.example.lunchtray.NavigationTests-navigate_to_start_order_from_checkout.txt"â

device-infoandroido
mC:\android\Lunch-tray\app\build\outputs\androidTest-results\connected\Pixel_6_API_31(AVD) - 12\device-info.pb"ä

device-info.meminfoandroidh
fC:\android\Lunch-tray\app\build\outputs\androidTest-results\connected\Pixel_6_API_31(AVD) - 12\meminfo"ä

device-info.cpuinfoandroidh
fC:\android\Lunch-tray\app\build\outputs\androidTest-results\connected\Pixel_6_API_31(AVD) - 12\cpuinfoÁ
l
NavigationTestscom.example.lunchtray(navigate_to_start_order_from_entree_menu2Êñ“™Ä˜éy:Áñ“™Ä√Öf˙
Ìjava.lang.AssertionError: expected:<2131230935> but was:<2131231205>
at org.junit.Assert.fail(Assert.java:88)
at org.junit.Assert.failNotEquals(Assert.java:834)
at org.junit.Assert.assertEquals(Assert.java:118)
at org.junit.Assert.assertEquals(Assert.java:144)
at com.example.lunchtray.NavigationTests.navigate_to_start_order_from_entree_menu(NavigationTests.kt:83)java.lang.AssertionErrorÌjava.lang.AssertionError: expected:<2131230935> but was:<2131231205>
at org.junit.Assert.fail(Assert.java:88)
at org.junit.Assert.failNotEquals(Assert.java:834)
at org.junit.Assert.assertEquals(Assert.java:118)
at org.junit.Assert.assertEquals(Assert.java:144)
at com.example.lunchtray.NavigationTests.navigate_to_start_order_from_entree_menu(NavigationTests.kt:83)"—

logcatandroidª
∏C:\android\Lunch-tray\app\build\outputs\androidTest-results\connected\Pixel_6_API_31(AVD) - 12\logcat-com.example.lunchtray.NavigationTests-navigate_to_start_order_from_entree_menu.txt"â

device-infoandroido
mC:\android\Lunch-tray\app\build\outputs\androidTest-results\connected\Pixel_6_API_31(AVD) - 12\device-info.pb"ä

device-info.meminfoandroidh
fC:\android\Lunch-tray\app\build\outputs\androidTest-results\connected\Pixel_6_API_31(AVD) - 12\meminfo"ä

device-info.cpuinfoandroidh
fC:\android\Lunch-tray\app\build\outputs\androidTest-results\connected\Pixel_6_API_31(AVD) - 12\cpuinfo˙
q
NavigationTestscom.example.lunchtray,navigate_to_checkout_from_accompaniment_menu2Ëñ“™¿œé1:Èñ“™Äà≤Ñ
Újava.lang.AssertionError: expected:<2131230768> but was:<2131230857>
at org.junit.Assert.fail(Assert.java:88)
at org.junit.Assert.failNotEquals(Assert.java:834)
at org.junit.Assert.assertEquals(Assert.java:118)
at org.junit.Assert.assertEquals(Assert.java:144)
at com.example.lunchtray.NavigationTests.navigate_to_checkout_from_accompaniment_menu(NavigationTests.kt:182)java.lang.AssertionErrorÚjava.lang.AssertionError: expected:<2131230768> but was:<2131230857>
at org.junit.Assert.fail(Assert.java:88)
at org.junit.Assert.failNotEquals(Assert.java:834)
at org.junit.Assert.assertEquals(Assert.java:118)
at org.junit.Assert.assertEquals(Assert.java:144)
at com.example.lunchtray.NavigationTests.navigate_to_checkout_from_accompaniment_menu(NavigationTests.kt:182)"’

logcatandroidø
ºC:\android\Lunch-tray\app\build\outputs\androidTest-results\connected\Pixel_6_API_31(AVD) - 12\logcat-com.example.lunchtray.NavigationTests-navigate_to_checkout_from_accompaniment_menu.txt"â

device-infoandroido
mC:\android\Lunch-tray\app\build\outputs\androidTest-results\connected\Pixel_6_API_31(AVD) - 12\device-info.pb"ä

device-info.meminfoandroidh
fC:\android\Lunch-tray\app\build\outputs\androidTest-results\connected\Pixel_6_API_31(AVD) - 12\meminfo"ä

device-info.cpuinfoandroidh
fC:\android\Lunch-tray\app\build\outputs\androidTest-results\connected\Pixel_6_API_31(AVD) - 12\cpuinfoÈ
n
NavigationTestscom.example.lunchtray(navigate_to_entree_menu_from_start_order2Íñ“™Ä’î÷:Ïñ“™¿‹¿ã˙
Ìjava.lang.AssertionError: expected:<2131231205> but was:<2131230935>
at org.junit.Assert.fail(Assert.java:88)
at org.junit.Assert.failNotEquals(Assert.java:834)
at org.junit.Assert.assertEquals(Assert.java:118)
at org.junit.Assert.assertEquals(Assert.java:144)
at com.example.lunchtray.NavigationTests.navigate_to_entree_menu_from_start_order(NavigationTests.kt:58)java.lang.AssertionErrorÌjava.lang.AssertionError: expected:<2131231205> but was:<2131230935>
at org.junit.Assert.fail(Assert.java:88)
at org.junit.Assert.failNotEquals(Assert.java:834)
at org.junit.Assert.assertEquals(Assert.java:118)
at org.junit.Assert.assertEquals(Assert.java:144)
at com.example.lunchtray.NavigationTests.navigate_to_entree_menu_from_start_order(NavigationTests.kt:58)"—

logcatandroidª
∏C:\android\Lunch-tray\app\build\outputs\androidTest-results\connected\Pixel_6_API_31(AVD) - 12\logcat-com.example.lunchtray.NavigationTests-navigate_to_entree_menu_from_start_order.txt"â

device-infoandroido
mC:\android\Lunch-tray\app\build\outputs\androidTest-results\connected\Pixel_6_API_31(AVD) - 12\device-info.pb"ä

device-info.meminfoandroidh
fC:\android\Lunch-tray\app\build\outputs\androidTest-results\connected\Pixel_6_API_31(AVD) - 12\meminfo"ä

device-info.cpuinfoandroidh
fC:\android\Lunch-tray\app\build\outputs\androidTest-results\connected\Pixel_6_API_31(AVD) - 12\cpuinfoã
v
NavigationTestscom.example.lunchtray0navigate_to_start_order_from_checkout_via_submit2Óñ“™ÄÓùÚ:ñ“™Ä∫îﬂå
ˆjava.lang.AssertionError: expected:<2131230857> but was:<2131231205>
at org.junit.Assert.fail(Assert.java:88)
at org.junit.Assert.failNotEquals(Assert.java:834)
at org.junit.Assert.assertEquals(Assert.java:118)
at org.junit.Assert.assertEquals(Assert.java:144)
at com.example.lunchtray.NavigationTests.navigate_to_start_order_from_checkout_via_submit(NavigationTests.kt:218)java.lang.AssertionErrorˆjava.lang.AssertionError: expected:<2131230857> but was:<2131231205>
at org.junit.Assert.fail(Assert.java:88)
at org.junit.Assert.failNotEquals(Assert.java:834)
at org.junit.Assert.assertEquals(Assert.java:118)
at org.junit.Assert.assertEquals(Assert.java:144)
at com.example.lunchtray.NavigationTests.navigate_to_start_order_from_checkout_via_submit(NavigationTests.kt:218)"Ÿ

logcatandroid√
¿C:\android\Lunch-tray\app\build\outputs\androidTest-results\connected\Pixel_6_API_31(AVD) - 12\logcat-com.example.lunchtray.NavigationTests-navigate_to_start_order_from_checkout_via_submit.txt"â

device-infoandroido
mC:\android\Lunch-tray\app\build\outputs\androidTest-results\connected\Pixel_6_API_31(AVD) - 12\device-info.pb"ä

device-info.meminfoandroidh
fC:\android\Lunch-tray\app\build\outputs\androidTest-results\connected\Pixel_6_API_31(AVD) - 12\meminfo"ä

device-info.cpuinfoandroidh
fC:\android\Lunch-tray\app\build\outputs\androidTest-results\connected\Pixel_6_API_31(AVD) - 12\cpuinfoÜ
t
NavigationTestscom.example.lunchtray/navigate_to_start_order_from_accompaniment_menu2Òñ“™Äˇ„Ω:Úñ“™Äç©`ä
ıjava.lang.AssertionError: expected:<2131230768> but was:<2131231205>
at org.junit.Assert.fail(Assert.java:88)
at org.junit.Assert.failNotEquals(Assert.java:834)
at org.junit.Assert.assertEquals(Assert.java:118)
at org.junit.Assert.assertEquals(Assert.java:144)
at com.example.lunchtray.NavigationTests.navigate_to_start_order_from_accompaniment_menu(NavigationTests.kt:163)java.lang.AssertionErrorıjava.lang.AssertionError: expected:<2131230768> but was:<2131231205>
at org.junit.Assert.fail(Assert.java:88)
at org.junit.Assert.failNotEquals(Assert.java:834)
at org.junit.Assert.assertEquals(Assert.java:118)
at org.junit.Assert.assertEquals(Assert.java:144)
at com.example.lunchtray.NavigationTests.navigate_to_start_order_from_accompaniment_menu(NavigationTests.kt:163)"ÿ

logcatandroid¬
øC:\android\Lunch-tray\app\build\outputs\androidTest-results\connected\Pixel_6_API_31(AVD) - 12\logcat-com.example.lunchtray.NavigationTests-navigate_to_start_order_from_accompaniment_menu.txt"â

device-infoandroido
mC:\android\Lunch-tray\app\build\outputs\androidTest-results\connected\Pixel_6_API_31(AVD) - 12\device-info.pb"ä

device-info.meminfoandroidh
fC:\android\Lunch-tray\app\build\outputs\androidTest-results\connected\Pixel_6_API_31(AVD) - 12\meminfo"ä

device-info.cpuinfoandroidh
fC:\android\Lunch-tray\app\build\outputs\androidTest-results\connected\Pixel_6_API_31(AVD) - 12\cpuinfo˝
q
NavigationTestscom.example.lunchtray-navigate_to_accompaniment_menu_from_side_menu2Ûñ“™Äïı*:Ùñ“™¿ﬁÅ
Ü
Ûjava.lang.AssertionError: expected:<2131231170> but was:<2131230768>
at org.junit.Assert.fail(Assert.java:88)
at org.junit.Assert.failNotEquals(Assert.java:834)
at org.junit.Assert.assertEquals(Assert.java:118)
at org.junit.Assert.assertEquals(Assert.java:144)
at com.example.lunchtray.NavigationTests.navigate_to_accompaniment_menu_from_side_menu(NavigationTests.kt:144)java.lang.AssertionErrorÛjava.lang.AssertionError: expected:<2131231170> but was:<2131230768>
at org.junit.Assert.fail(Assert.java:88)
at org.junit.Assert.failNotEquals(Assert.java:834)
at org.junit.Assert.assertEquals(Assert.java:118)
at org.junit.Assert.assertEquals(Assert.java:144)
at com.example.lunchtray.NavigationTests.navigate_to_accompaniment_menu_from_side_menu(NavigationTests.kt:144)"÷

logcatandroid¿
ΩC:\android\Lunch-tray\app\build\outputs\androidTest-results\connected\Pixel_6_API_31(AVD) - 12\logcat-com.example.lunchtray.NavigationTests-navigate_to_accompaniment_menu_from_side_menu.txt"â

device-infoandroido
mC:\android\Lunch-tray\app\build\outputs\androidTest-results\connected\Pixel_6_API_31(AVD) - 12\device-info.pb"ä

device-info.meminfoandroidh
fC:\android\Lunch-tray\app\build\outputs\androidTest-results\connected\Pixel_6_API_31(AVD) - 12\meminfo"ä

device-info.cpuinfoandroidh
fC:\android\Lunch-tray\app\build\outputs\androidTest-results\connected\Pixel_6_API_31(AVD) - 12\cpuinfo„
l
NavigationTestscom.example.lunchtray&navigate_to_start_order_from_side_menu2Ùñ“™Ä‰áØ:ıñ“™Ä§ÉÚ¯
Ïjava.lang.AssertionError: expected:<2131231170> but was:<2131231205>
at org.junit.Assert.fail(Assert.java:88)
at org.junit.Assert.failNotEquals(Assert.java:834)
at org.junit.Assert.assertEquals(Assert.java:118)
at org.junit.Assert.assertEquals(Assert.java:144)
at com.example.lunchtray.NavigationTests.navigate_to_start_order_from_side_menu(NavigationTests.kt:126)java.lang.AssertionErrorÏjava.lang.AssertionError: expected:<2131231170> but was:<2131231205>
at org.junit.Assert.fail(Assert.java:88)
at org.junit.Assert.failNotEquals(Assert.java:834)
at org.junit.Assert.assertEquals(Assert.java:118)
at org.junit.Assert.assertEquals(Assert.java:144)
at com.example.lunchtray.NavigationTests.navigate_to_start_order_from_side_menu(NavigationTests.kt:126)"œ

logcatandroidπ
∂C:\android\Lunch-tray\app\build\outputs\androidTest-results\connected\Pixel_6_API_31(AVD) - 12\logcat-com.example.lunchtray.NavigationTests-navigate_to_start_order_from_side_menu.txt"â

device-infoandroido
mC:\android\Lunch-tray\app\build\outputs\androidTest-results\connected\Pixel_6_API_31(AVD) - 12\device-info.pb"ä

device-info.meminfoandroidh
fC:\android\Lunch-tray\app\build\outputs\androidTest-results\connected\Pixel_6_API_31(AVD) - 12\meminfo"ä

device-info.cpuinfoandroidh
fC:\android\Lunch-tray\app\build\outputs\androidTest-results\connected\Pixel_6_API_31(AVD) - 12\cpuinfo„
l
NavigationTestscom.example.lunchtray&navigate_to_side_menu_from_entree_menu2ˆñ“™Ä“ä≥:˜ñ“™¿ùÍÑ¯
Ïjava.lang.AssertionError: expected:<2131230935> but was:<2131231170>
at org.junit.Assert.fail(Assert.java:88)
at org.junit.Assert.failNotEquals(Assert.java:834)
at org.junit.Assert.assertEquals(Assert.java:118)
at org.junit.Assert.assertEquals(Assert.java:144)
at com.example.lunchtray.NavigationTests.navigate_to_side_menu_from_entree_menu(NavigationTests.kt:108)java.lang.AssertionErrorÏjava.lang.AssertionError: expected:<2131230935> but was:<2131231170>
at org.junit.Assert.fail(Assert.java:88)
at org.junit.Assert.failNotEquals(Assert.java:834)
at org.junit.Assert.assertEquals(Assert.java:118)
at org.junit.Assert.assertEquals(Assert.java:144)
at com.example.lunchtray.NavigationTests.navigate_to_side_menu_from_entree_menu(NavigationTests.kt:108)"œ

logcatandroidπ
∂C:\android\Lunch-tray\app\build\outputs\androidTest-results\connected\Pixel_6_API_31(AVD) - 12\logcat-com.example.lunchtray.NavigationTests-navigate_to_side_menu_from_entree_menu.txt"â

device-infoandroido
mC:\android\Lunch-tray\app\build\outputs\androidTest-results\connected\Pixel_6_API_31(AVD) - 12\device-info.pb"ä

device-info.meminfoandroidh
fC:\android\Lunch-tray\app\build\outputs\androidTest-results\connected\Pixel_6_API_31(AVD) - 12\meminfo"ä

device-info.cpuinfoandroidh
fC:\android\Lunch-tray\app\build\outputs\androidTest-results\connected\Pixel_6_API_31(AVD) - 12\cpuinfo*Ó
c
test-results.logOcom.google.testing.platform.runtime.android.driver.AndroidInstrumentationDrivery
wC:\android\Lunch-tray\app\build\outputs\androidTest-results\connected\Pixel_6_API_31(AVD) - 12\testlog\test-results.log 2
text/plain